<?xml version="1.0" encoding="utf-8"?><testsuites name="pytest tests"><testsuite name="pytest" errors="0" failures="0" skipped="0" tests="54" time="4.495" timestamp="2026-07-25T13:46:54.930042+00:00" hostname="agent-env-843d46b1-2998-4bab-9600-f78ddbea6905"><testcase classname="tests.backend_test.TestAuth" name="test_requires_auth[/leagues]" time="0.124" /><testcase classname="tests.backend_test.TestStreaks" name="test_default" time="0.163" /><testcase classname="tests.backend_test.TestAuth" name="test_requires_auth[/scanner]" time="0.106" /><testcase classname="tests.backend_test.TestStreaks" name="test_all_rows_satisfy_filters" time="0.079" /><testcase classname="tests.backend_test.TestAuth" name="test_requires_auth[/streaks]" time="0.127" /><testcase classname="tests.backend_test.TestStreaks" name="test_threshold_param" time="0.067" /><testcase classname="tests.backend_test.TestStreaks" name="test_projection_fields" time="0.063" /><testcase classname="tests.backend_test.TestAuth" name="test_requires_auth[/trends]" time="0.132" /><testcase classname="tests.backend_test.TestStreaks" name="test_within_days_filter" time="0.058" /><testcase classname="tests.backend_test.TestStreaks" name="test_window_10" time="0.088" /><testcase classname="tests.backend_test.TestAuth" name="test_requires_auth[/best-bets]" time="0.155" /><testcase classname="tests.backend_test.TestLeagues" name="test_14_leagues_with_source_and_season" time="0.046" /><testcase classname="tests.backend_test.TestLeagues" name="test_teams_shape" time="0.092" /><testcase classname="tests.backend_test.TestAuth" name="test_requires_auth[/top-mismatches]" time="0.139" /><testcase classname="tests.backend_test.TestLeagues" name="test_teams_split_window_change_values" time="0.093" /><testcase classname="tests.backend_test.TestLeagues" name="test_teams_window_3_played_le_3" time="0.050" /><testcase classname="tests.backend_test.TestAuth" name="test_requires_auth[/auth/me]" time="0.105" /><testcase classname="tests.backend_test.TestLeagues" name="test_unknown_league_teams_empty" time="0.045" /><testcase classname="tests.backend_test.TestScanner" name="test_sorted_desc" time="0.246" /><testcase classname="tests.backend_test.TestAuth" name="test_requires_auth[/leagues/eng-pl/teams]" time="0.101" /><testcase classname="tests.backend_test.TestAuth" name="test_requires_auth[/leagues/eng-pl/matchups]" time="0.095" /><testcase classname="tests.backend_test.TestAuth" name="test_requires_auth[/leagues/eng-pl/fixtures]" time="0.126" /><testcase classname="tests.backend_test.TestScanner" name="test_min_edge_filter" time="0.214" /><testcase classname="tests.backend_test.TestAuth" name="test_requires_auth[/bankroll]" time="0.162" /><testcase classname="tests.backend_test.TestScanner" name="test_market_filter" time="0.268" /><testcase classname="tests.backend_test.TestAuth" name="test_requires_auth[/bets]" time="0.104" /><testcase classname="tests.backend_test.TestAuth" name="test_invalid_token" time="0.178" /><testcase classname="tests.backend_test.TestScanner" name="test_league_filter" time="0.083" /><testcase classname="tests.backend_test.TestAuth" name="test_expired_token" time="0.105" /><testcase classname="tests.backend_test.TestScanner" name="test_ev_matches_formula" time="0.263" /><testcase classname="tests.backend_test.TestAuth" name="test_me" time="0.117" /><testcase classname="tests.backend_test.TestOdds" name="test_odds_merge_ev_and_tier" time="0.216" /><testcase classname="tests.backend_test.TestFixtures" name="test_league_fixtures" time="0.090" /><testcase classname="tests.backend_test.TestFixtures" name="test_fixture_detail" time="0.100" /><testcase classname="tests.backend_test.TestOdds" name="test_odds_merge_keeps_existing" time="0.183" /><testcase classname="tests.backend_test.TestFixtures" name="test_fixture_detail_recent_has_real_games" time="0.103" /><testcase classname="tests.backend_test.TestFixtures" name="test_fixture_404" time="0.047" /><testcase classname="tests.backend_test.TestTrends" name="test_trends_sorted_positive_delta" time="0.057" /><testcase classname="tests.backend_test.TestOdds" name="test_odds_rejects_invalid_values" time="0.103" /><testcase classname="tests.backend_test.TestTrends" name="test_metric_won" time="0.059" /><testcase classname="tests.backend_test.TestTrends" name="test_metric_total" time="0.061" /><testcase classname="tests.backend_test.TestOdds" name="test_odds_404" time="0.044" /><testcase classname="tests.backend_test.TestMatchups" name="test_matchups_structure_and_rank" time="0.045" /><testcase classname="tests.backend_test.TestTrends" name="test_league_scope" time="0.047" /><testcase classname="tests.backend_test.TestMatchups" name="test_side_home_vs_away_differ" time="0.092" /><testcase classname="tests.backend_test.TestBestBets" name="test_best_bets" time="0.214" /><testcase classname="tests.backend_test.TestMatchups" name="test_matchups_unknown_league" time="0.046" /><testcase classname="tests.backend_test.TestBets" name="test_bankroll_get_and_set" time="0.189" /><testcase classname="tests.backend_test.TestBestBets" name="test_top_mismatches" time="0.052" /><testcase classname="tests.backend_test.TestBestBets" name="test_top_mismatches_limit" time="0.061" /><testcase classname="tests.backend_test.TestBets" name="test_bet_lifecycle" time="0.421" /><testcase classname="tests.backend_test.TestRefresh" name="test_refresh_returns_fast" time="0.047" /><testcase classname="tests.backend_test.TestRefresh" name="test_refresh_404" time="0.093" /><testcase classname="tests.backend_test.TestBets" name="test_bet_invalid_market" time="0.110" /></testsuite></testsuites>