<?xml version="1.0" encoding="utf-8"?><testsuites name="pytest tests"><testsuite name="pytest" errors="0" failures="1" skipped="0" tests="94" time="8.156" timestamp="2026-08-09T21:11:03.749377+00:00" hostname="agent-env-843d46b1-2998-4bab-9600-f78ddbea6905"><testcase classname="tests.test_new_features" name="test_auth_me" time="0.184" /><testcase classname="tests.backend_test.TestAuth" name="test_requires_auth[/leagues]" time="0.144" /><testcase classname="tests.backend_test.TestAuth" name="test_requires_auth[/scanner]" time="0.108" /><testcase classname="tests.test_new_features" name="test_unauthenticated_blocked" time="0.138" /><testcase classname="tests.backend_test.TestAuth" name="test_requires_auth[/streaks]" time="0.108" /><testcase classname="tests.test_new_features" name="test_leagues_count" time="0.046" /><testcase classname="tests.backend_test.TestAuth" name="test_requires_auth[/trends]" time="0.140" /><testcase classname="tests.test_new_features" name="test_corner_table[ger-bl]" time="0.048" /><testcase classname="tests.test_new_features" name="test_corner_table[ned-ed]" time="0.050" /><testcase classname="tests.test_new_features" name="test_corner_table[usa-ml]" time="0.057" /><testcase classname="tests.backend_test.TestAuth" name="test_requires_auth[/best-bets]" time="0.107" /><testcase classname="tests.test_new_features" name="test_corner_table[jpn-j1]" time="0.063" /><testcase classname="tests.test_new_features" name="test_corner_table_all_leagues_nonempty" time="1.406"><failure message="AssertionError: leagues with all-zero shots: ['eng-nl']&#10;assert not ['eng-nl']">E   AssertionError: leagues with all-zero shots: ['eng-nl']
    assert not ['eng-nl']</failure></testcase><testcase classname="tests.backend_test.TestAuth" name="test_requires_auth[/top-mismatches]" time="0.100" /><testcase classname="tests.backend_test.TestAuth" name="test_requires_auth[/auth/me]" time="0.139" /><testcase classname="tests.backend_test.TestAuth" name="test_requires_auth[/leagues/eng-pl/teams]" time="0.102" /><testcase classname="tests.backend_test.TestAuth" name="test_requires_auth[/leagues/eng-pl/matchups]" time="0.104" /><testcase classname="tests.backend_test.TestAuth" name="test_requires_auth[/leagues/eng-pl/fixtures]" time="0.111" /><testcase classname="tests.backend_test.TestAuth" name="test_requires_auth[/bankroll]" time="0.163" /><testcase classname="tests.backend_test.TestAuth" name="test_requires_auth[/bets]" time="0.145" /><testcase classname="tests.backend_test.TestAuth" name="test_invalid_token" time="0.130" /><testcase classname="tests.backend_test.TestAuth" name="test_expired_token" time="0.122" /><testcase classname="tests.backend_test.TestAuth" name="test_me" time="0.185" /><testcase classname="tests.test_new_features" name="test_corner_table_bad_league" time="0.090" /><testcase classname="tests.test_chase_board" name="test_chase_board_shape" time="0.119" /><testcase classname="tests.test_chase_board" name="test_chase_board_row_fields" time="0.000" /><testcase classname="tests.test_chase_board" name="test_chase_board_sorted_desc" time="0.000" /><testcase classname="tests.test_chase_board" name="test_opp_fh_rate_not_all_zero" time="0.000" /><testcase classname="tests.test_chase_board" name="test_no_mongo_id_leak" time="0.000" /><testcase classname="tests.test_chase_board" name="test_chase_board_limit" time="0.068" /><testcase classname="tests.test_new_features" name="test_top_mismatches[3]" time="0.102" /><testcase classname="tests.test_chase_board" name="test_chase_board_window_widening" time="0.197" /><testcase classname="tests.test_new_features" name="test_top_mismatches[7]" time="0.067" /><testcase classname="tests.test_new_features" name="test_top_mismatches[14]" time="0.065" /><testcase classname="tests.test_chase_board" name="test_chase_board_league_filter" time="0.128" /><testcase classname="tests.test_new_features" name="test_top_mismatches_no_window" time="0.061" /><testcase classname="tests.test_model_v2" name="test_backtest_contract[v1]" time="0.141" /><testcase classname="tests.test_chase_board" name="test_chase_board_requires_auth" time="0.107" /><testcase classname="tests.test_model_v2" name="test_backtest_contract[v2]" time="0.160" /><testcase classname="tests.test_chase_board" name="test_best_bets" time="0.165" /><testcase classname="tests.test_model_v2" name="test_backtest_v2_better_than_v1" time="0.264" /><testcase classname="tests.test_chase_board" name="test_paste_odds_updates_chase_board_ev" time="0.285" /><testcase classname="tests.test_model_v2" name="test_backtest_single_league" time="0.097" /><testcase classname="tests.test_chase_board" name="test_picks_record_and_manual_picks" time="0.046" /><testcase classname="tests.backend_test.TestStreaks" name="test_default" time="0.093" /><testcase classname="tests.test_model_v2" name="test_backtest_unknown_league_graceful" time="0.056" /><testcase classname="tests.test_model_v2" name="test_backtest_requires_auth" time="0.094" /><testcase classname="tests.backend_test.TestStreaks" name="test_all_rows_satisfy_filters" time="0.127" /><testcase classname="tests.test_model_v2" name="test_scanner" time="0.162" /><testcase classname="tests.backend_test.TestStreaks" name="test_threshold_param" time="0.103" /><testcase classname="tests.test_model_v2" name="test_top_mismatches_v2" time="0.077" /><testcase classname="tests.backend_test.TestStreaks" name="test_projection_fields" time="0.105" /><testcase classname="tests.test_model_v2" name="test_matchups_eng_pl" time="0.048" /><testcase classname="tests.backend_test.TestStreaks" name="test_within_days_filter" time="0.167" /><testcase classname="tests.test_model_v2" name="test_streaks" time="0.170" /><testcase classname="tests.backend_test.TestStreaks" name="test_window_10" time="0.140" /><testcase classname="tests.test_model_v2" name="test_fixture_detail_markets" time="0.158" /><testcase classname="tests.backend_test.TestLeagues" name="test_leagues_with_source_and_season" time="0.052" /><testcase classname="tests.backend_test.TestScanner" name="test_sorted_desc" time="0.200" /><testcase classname="tests.backend_test.TestLeagues" name="test_teams_shape" time="0.112" /><testcase classname="tests.backend_test.TestLeagues" name="test_teams_split_window_change_values" time="0.107" /><testcase classname="tests.backend_test.TestScanner" name="test_min_edge_filter" time="0.174" /><testcase classname="tests.backend_test.TestLeagues" name="test_teams_window_3_played_le_3" time="0.053" /><testcase classname="tests.backend_test.TestLeagues" name="test_unknown_league_teams_empty" time="0.057" /><testcase classname="tests.backend_test.TestFixtures" name="test_league_fixtures" time="0.067" /><testcase classname="tests.backend_test.TestScanner" name="test_market_filter" time="0.126" /><testcase classname="tests.backend_test.TestFixtures" name="test_fixture_detail" time="0.138" /><testcase classname="tests.backend_test.TestScanner" name="test_league_filter" time="0.055" /><testcase classname="tests.backend_test.TestFixtures" name="test_fixture_detail_recent_has_real_games" time="0.127" /><testcase classname="tests.backend_test.TestScanner" name="test_ev_matches_formula" time="0.137" /><testcase classname="tests.backend_test.TestFixtures" name="test_fixture_404" time="0.049" /><testcase classname="tests.backend_test.TestOdds" name="test_odds_merge_ev_and_tier" time="0.222" /><testcase classname="tests.backend_test.TestTrends" name="test_trends_sorted_positive_delta" time="0.082" /><testcase classname="tests.backend_test.TestTrends" name="test_metric_won" time="0.080" /><testcase classname="tests.backend_test.TestTrends" name="test_metric_total" time="0.085" /><testcase classname="tests.backend_test.TestOdds" name="test_odds_merge_keeps_existing" time="0.175" /><testcase classname="tests.backend_test.TestTrends" name="test_league_scope" time="0.058" /><testcase classname="tests.backend_test.TestMatchups" name="test_matchups_structure_and_rank" time="0.054" /><testcase classname="tests.backend_test.TestMatchups" name="test_side_home_vs_away_differ" time="0.109" /><testcase classname="tests.backend_test.TestOdds" name="test_odds_rejects_invalid_values" time="0.118" /><testcase classname="tests.backend_test.TestMatchups" name="test_matchups_unknown_league" time="0.057" /><testcase classname="tests.backend_test.TestOdds" name="test_odds_404" time="0.088" /><testcase classname="tests.backend_test.TestBestBets" name="test_best_bets" time="0.110" /><testcase classname="tests.backend_test.TestBets" name="test_bankroll_get_and_set" time="0.201" /><testcase classname="tests.backend_test.TestBestBets" name="test_top_mismatches" time="0.068" /><testcase classname="tests.backend_test.TestBestBets" name="test_top_mismatches_limit" time="0.066" /><testcase classname="tests.backend_test.TestRefresh" name="test_refresh_returns_fast" time="0.053" /><testcase classname="tests.backend_test.TestBets" name="test_bet_lifecycle" time="0.539" /><testcase classname="tests.backend_test.TestRefresh" name="test_refresh_404" time="0.092" /><testcase classname="tests.test_explain.TestExplainAuth" name="test_requires_auth" time="0.140" /><testcase classname="tests.test_explain.TestExplainAuth" name="test_validation_error_on_missing_fields" time="0.186" /><testcase classname="tests.backend_test.TestBets" name="test_bet_invalid_market" time="0.121" /><testcase classname="tests.test_explain.TestExplainLLM" name="test_explain_then_cached" time="0.175" /><testcase classname="tests.test_explain.TestExplainLLM" name="test_no_mongo_id_leak" time="0.747" /></testsuite></testsuites>