<?xml version="1.0" encoding="utf-8"?><testsuites name="pytest tests"><testsuite name="pytest" errors="0" failures="1" skipped="0" tests="13" time="3.167" timestamp="2026-08-04T11:27:23.425423+00:00" hostname="agent-env-843d46b1-2998-4bab-9600-f78ddbea6905"><testcase classname="tests.test_new_features" name="test_auth_me" time="0.214" /><testcase classname="tests.test_new_features" name="test_unauthenticated_blocked" time="0.118" /><testcase classname="tests.test_new_features" name="test_leagues_count" time="0.057" /><testcase classname="tests.test_new_features" name="test_corner_table[ger-bl]" time="0.058" /><testcase classname="tests.test_new_features" name="test_corner_table[ned-ed]" time="0.059" /><testcase classname="tests.test_new_features" name="test_corner_table[usa-ml]" time="0.060" /><testcase classname="tests.test_new_features" name="test_corner_table[jpn-j1]" time="0.057" /><testcase classname="tests.test_new_features" name="test_corner_table_all_leagues_nonempty" time="1.621"><failure message="AssertionError: leagues with all-zero shots: ['eng-nl']&#10;assert not ['eng-nl']">tests/test_new_features.py:85: in test_corner_table_all_leagues_nonempty
    assert not zero_shots, f"leagues with all-zero shots: {zero_shots}"
E   AssertionError: leagues with all-zero shots: ['eng-nl']
E   assert not ['eng-nl']</failure></testcase><testcase classname="tests.test_new_features" name="test_corner_table_bad_league" time="0.058" /><testcase classname="tests.test_new_features" name="test_top_mismatches[3]" time="0.070" /><testcase classname="tests.test_new_features" name="test_top_mismatches[7]" time="0.074" /><testcase classname="tests.test_new_features" name="test_top_mismatches[14]" time="0.073" /><testcase classname="tests.test_new_features" name="test_top_mismatches_no_window" time="0.090" /></testsuite></testsuites>