<?xml version="1.0" encoding="utf-8"?><testsuites name="pytest tests"><testsuite name="pytest" errors="0" failures="0" skipped="0" tests="11" time="2.697" timestamp="2026-08-09T15:10:31.533750+00:00" hostname="agent-env-843d46b1-2998-4bab-9600-f78ddbea6905"><testcase classname="tests.test_model_v2" name="test_backtest_contract[v1]" time="0.415" /><testcase classname="tests.test_model_v2" name="test_backtest_contract[v2]" time="0.115" /><testcase classname="tests.test_model_v2" name="test_backtest_v2_better_than_v1" time="0.210" /><testcase classname="tests.test_model_v2" name="test_backtest_single_league" time="0.051" /><testcase classname="tests.test_model_v2" name="test_backtest_unknown_league_graceful" time="0.049" /><testcase classname="tests.test_model_v2" name="test_backtest_requires_auth" time="0.100" /><testcase classname="tests.test_model_v2" name="test_scanner" time="0.368" /><testcase classname="tests.test_model_v2" name="test_top_mismatches_v2" time="0.060" /><testcase classname="tests.test_model_v2" name="test_matchups_eng_pl" time="0.049" /><testcase classname="tests.test_model_v2" name="test_streaks" time="0.103" /><testcase classname="tests.test_model_v2" name="test_fixture_detail_markets" time="0.399" /></testsuite></testsuites>