<?xml version="1.0" encoding="utf-8"?><testsuites name="pytest tests"><testsuite name="pytest" errors="0" failures="0" skipped="0" tests="14" time="2.608" timestamp="2026-07-20T16:03:40.924557+00:00" hostname="agent-env-843d46b1-2998-4bab-9600-f78ddbea6905"><testcase classname="tests.backend_test.TestAuth" name="test_me_no_token" time="0.328" /><testcase classname="tests.backend_test.TestScanner" name="test_scanner_sorted" time="0.279" /><testcase classname="tests.backend_test.TestScanner" name="test_scanner_min_edge" time="0.207" /><testcase classname="tests.backend_test.TestAuth" name="test_me_with_token" time="0.155" /><testcase classname="tests.backend_test.TestAuth" name="test_protected_requires_auth" time="0.376" /><testcase classname="tests.backend_test.TestScanner" name="test_scanner_market_filter" time="0.189" /><testcase classname="tests.backend_test.TestScanner" name="test_scanner_league_filter" time="0.130" /><testcase classname="tests.backend_test.TestFixtures" name="test_league_fixtures" time="0.138" /><testcase classname="tests.backend_test.TestLeagues" name="test_seven_leagues" time="0.150" /><testcase classname="tests.backend_test.TestFixtures" name="test_fixture_detail" time="0.210" /><testcase classname="tests.backend_test.TestLeagues" name="test_teams_default" time="0.108" /><testcase classname="tests.backend_test.TestLeagues" name="test_teams_splits_windows_differ" time="0.154" /><testcase classname="tests.backend_test.TestOdds" name="test_odds_merge_and_ev" time="0.266" /><testcase classname="tests.backend_test.TestOdds" name="test_ev_tier_strong" time="0.258" /></testsuite></testsuites>