<?xml version="1.0" encoding="utf-8"?><testsuites name="pytest tests"><testsuite name="pytest" errors="0" failures="0" skipped="0" tests="4" time="6.616" timestamp="2026-08-09T19:44:36.804057+00:00" hostname="agent-env-843d46b1-2998-4bab-9600-f78ddbea6905"><testcase classname="tests.test_explain.TestExplainAuth" name="test_requires_auth" time="0.193" /><testcase classname="tests.test_explain.TestExplainLLM" name="test_explain_then_cached" time="3.599" /><testcase classname="tests.test_explain.TestExplainAuth" name="test_validation_error_on_missing_fields" time="0.434" /><testcase classname="tests.test_explain.TestExplainLLM" name="test_no_mongo_id_leak" time="2.268" /></testsuite></testsuites>