<?xml version="1.0" encoding="utf-8"?><testsuites name="pytest tests"><testsuite name="pytest" errors="0" failures="0" skipped="0" tests="16" time="3.328" timestamp="2026-08-10T10:23:09.597400+00:00" hostname="agent-env-843d46b1-2998-4bab-9600-f78ddbea6905"><testcase classname="tests.test_top_corner_teams.TestTopCornerTeams" name="test_requires_auth" time="1.754" /><testcase classname="tests.test_top_corner_teams.TestRegressions" name="test_chase_board" time="1.799" /><testcase classname="tests.test_top_corner_teams.TestTopCornerTeams" name="test_default_shape_and_sorting" time="0.146" /><testcase classname="tests.test_top_corner_teams.TestRegressions" name="test_best_bets" time="0.123" /><testcase classname="tests.test_top_corner_teams.TestTopCornerTeams" name="test_sides[home]" time="0.062" /><testcase classname="tests.test_top_corner_teams.TestRegressions" name="test_picks_record" time="0.042" /><testcase classname="tests.test_top_corner_teams.TestTopCornerTeams" name="test_sides[away]" time="0.074" /><testcase classname="tests.test_top_corner_teams.TestRegressions" name="test_streaks" time="0.120" /><testcase classname="tests.test_top_corner_teams.TestTopCornerTeams" name="test_sides[overall]" time="0.063" /><testcase classname="tests.test_top_corner_teams.TestRegressions" name="test_trends" time="0.071" /><testcase classname="tests.test_top_corner_teams.TestTopCornerTeams" name="test_windows[0]" time="0.068" /><testcase classname="tests.test_top_corner_teams.TestTopCornerTeams" name="test_windows[5]" time="0.065" /><testcase classname="tests.test_top_corner_teams.TestTopCornerTeams" name="test_windows[10]" time="0.062" /><testcase classname="tests.test_top_corner_teams.TestTopCornerTeams" name="test_side_changes_ordering" time="0.124" /><testcase classname="tests.test_top_corner_teams.TestTopCornerTeams" name="test_league_filter_narrows" time="0.162" /><testcase classname="tests.test_top_corner_teams.TestTopCornerTeams" name="test_limit_respected" time="0.063" /></testsuite></testsuites>